<?xml version="1.0" encoding="UTF-8"?>
<!-- Generated by org.testng.reporters.JUnitReportReporter -->
<testsuite skipped="0" hostname="Trantor-LPUS02" name="ztp.qa.testcases.WatcherClientPageTests" tests="2" failures="0" timestamp="2024-02-15T18:44:28 PST" time="11.010" errors="0">
  <testcase name="ValidateSearchZioskServices" time="10.812" classname="ztp.qa.testcases.WatcherClientPageTests"/>
  <system-out/>
  <testcase name="ValidateZOOBServiceStopDisabled" time="0.198" classname="ztp.qa.testcases.WatcherClientPageTests"/>
  <system-out/>
</testsuite> <!-- ztp.qa.testcases.WatcherClientPageTests -->
