<?xml version="1.0" encoding="UTF-8"?>
<!-- Generated by org.testng.reporters.JUnitReportReporter -->
<testsuite skipped="0" hostname="Trantor-LPUS02" name="ztp.qa.testcases.LoginPageTest" tests="1" failures="0" timestamp="2024-02-29T10:06:22 PST" time="21.597" errors="0">
  <testcase name="ValidateRMSearch" time="21.597" classname="ztp.qa.testcases.LoginPageTest"/>
  <system-out/>
</testsuite> <!-- ztp.qa.testcases.LoginPageTest -->
