<?xml version="1.0" encoding="UTF-8"?>
<!-- Generated by org.testng.reporters.JUnitReportReporter -->
<testsuite skipped="0" hostname="Trantor-LPUS02" name="ztp.qa.testcases.POSTest" tests="7" failures="0" timestamp="2024-03-05T16:11:45 PST" time="30.990" errors="0">
  <testcase name="ValidatePOSInformation" time="2.405" classname="ztp.qa.testcases.POSTest"/>
  <system-out/>
  <testcase name="ValidateAgentVersion" time="2.433" classname="ztp.qa.testcases.POSTest"/>
  <system-out/>
  <testcase name="ValidatePluginVersion" time="2.400" classname="ztp.qa.testcases.POSTest"/>
  <system-out/>
  <testcase name="ValidatePosFeatures" time="5.168" classname="ztp.qa.testcases.POSTest"/>
  <system-out/>
  <testcase name="ValidateAgentHealth" time="13.900" classname="ztp.qa.testcases.POSTest"/>
  <system-out/>
  <testcase name="ValidateGetRVCList" time="2.351" classname="ztp.qa.testcases.POSTest"/>
  <system-out/>
  <testcase name="ValidateGetMenuItems" time="2.333" classname="ztp.qa.testcases.POSTest"/>
  <system-out/>
</testsuite> <!-- ztp.qa.testcases.POSTest -->
