<?xml version="1.0" encoding="UTF-8"?>
<!-- Generated by org.testng.reporters.JUnitReportReporter -->
<testsuite skipped="0" hostname="Trantor-LPUS02" name="ztp.qa.testcases.WatcherTest" tests="23" failures="0" timestamp="2024-03-05T16:11:45 PST" time="560.168" errors="0">
  <testcase name="ValidateStartToStopService" time="5.483" classname="ztp.qa.testcases.WatcherTest"/>
  <system-out/>
  <testcase name="ValidateRestartService" time="5.459" classname="ztp.qa.testcases.WatcherTest"/>
  <system-out/>
  <testcase name="ValidateStopToStartService" time="5.365" classname="ztp.qa.testcases.WatcherTest"/>
  <system-out/>
  <testcase name="ValidateSortByDisplayName" time="61.484" classname="ztp.qa.testcases.WatcherTest"/>
  <system-out/>
  <testcase name="ValidateTotalNoOfServices" time="29.134" classname="ztp.qa.testcases.WatcherTest"/>
  <system-out/>
  <testcase name="ValidateNextPage" time="10.657" classname="ztp.qa.testcases.WatcherTest"/>
  <system-out/>
  <testcase name="ValidatePreviousPage" time="8.457" classname="ztp.qa.testcases.WatcherTest"/>
  <system-out/>
  <testcase name="ValidateRefreshServices" time="57.389" classname="ztp.qa.testcases.WatcherTest"/>
  <system-out/>
  <testcase name="ValidateSearchZioskServices" time="11.889" classname="ztp.qa.testcases.WatcherTest"/>
  <system-out/>
  <testcase name="ValidateZOOBServiceStopStartDisabled" time="7.093" classname="ztp.qa.testcases.WatcherTest"/>
  <system-out/>
  <testcase name="ValidateItemsPerPageFunctionality" time="24.412" classname="ztp.qa.testcases.WatcherTest"/>
  <system-out/>
  <testcase name="ValidateSortByServiceName" time="78.624" classname="ztp.qa.testcases.WatcherTest"/>
  <system-out/>
  <testcase name="ValidateSortByStatus" time="67.184" classname="ztp.qa.testcases.WatcherTest"/>
  <system-out/>
  <testcase name="ValidateSortByProcessName" time="35.155" classname="ztp.qa.testcases.WatcherTest"/>
  <system-out/>
  <testcase name="ValidateRefreshProcesses" time="15.458" classname="ztp.qa.testcases.WatcherTest"/>
  <system-out/>
  <testcase name="ValidateSearchZioskProcesses" time="11.898" classname="ztp.qa.testcases.WatcherTest"/>
  <system-out/>
  <testcase name="ValidateSwitchingBetTabs" time="8.527" classname="ztp.qa.testcases.WatcherTest"/>
  <system-out/>
  <testcase name="ValidateFileSize" time="16.043" classname="ztp.qa.testcases.WatcherTest"/>
  <system-out/>
  <testcase name="ValidateDownloadFile" time="40.292" classname="ztp.qa.testcases.WatcherTest"/>
  <system-out/>
  <testcase name="ValidateExpandAll" time="36.059" classname="ztp.qa.testcases.WatcherTest"/>
  <system-out/>
  <testcase name="ValidateSwitchBetPageswithTool" time="17.852" classname="ztp.qa.testcases.WatcherTest"/>
  <system-out/>
  <testcase name="ValidateSwitchStore" time="3.923" classname="ztp.qa.testcases.WatcherTest"/>
  <system-out/>
  <testcase name="ValidateBackwardNavigate" time="2.331" classname="ztp.qa.testcases.WatcherTest"/>
  <system-out/>
</testsuite> <!-- ztp.qa.testcases.WatcherTest -->
