<?xml version="1.0" encoding="UTF-8"?>
<!-- Generated by org.testng.reporters.JUnitReportReporter -->
<testsuite skipped="0" hostname="Trantor-LPUS02" name="ztp.qa.testcases.QRCodeTest" tests="2" failures="0" timestamp="2024-03-05T16:11:45 PST" time="11.506" errors="0">
  <testcase name="ValidateDownloadQRImage" time="10.168" classname="ztp.qa.testcases.QRCodeTest"/>
  <system-out/>
  <testcase name="ValidatePrintQRImage" time="1.338" classname="ztp.qa.testcases.QRCodeTest"/>
  <system-out/>
</testsuite> <!-- ztp.qa.testcases.QRCodeTest -->
