<?xml version="1.0" encoding="UTF-8"?>
<!-- Generated by org.testng.reporters.JUnitReportReporter -->
<testsuite skipped="0" hostname="Trantor-LPUS02" name="ztp.qa.testcases.WatcherPageTests" tests="2" failures="0" timestamp="2024-02-15T18:28:37 PST" time="61.853" errors="0">
  <testcase name="ValidateSearchZioskServices" time="32.451" classname="ztp.qa.testcases.WatcherPageTests"/>
  <system-out/>
  <testcase name="ValidateZOOBServiceStopDisabled" time="29.402" classname="ztp.qa.testcases.WatcherPageTests"/>
  <system-out/>
</testsuite> <!-- ztp.qa.testcases.WatcherPageTests -->
